[00:01:19] [Server thread/WARN]: King_GamesYT moved wrongly!
[00:01:33] [Server thread/WARN]: King_GamesYT moved wrongly!
[00:01:39] [Server thread/WARN]: King_GamesYT moved wrongly!
[00:08:43] [Server thread/INFO]: King_GamesYT was slain by dcx501
[00:08:43] [Server thread/INFO]: Created new backpack backup file for King_GamesYT with unique ID travelersbackpack.diamond_29.05.2026-00.08.43.dat
[00:08:50] [Server thread/INFO]: King_GamesYT was slain by dcx501
[00:08:50] [Server thread/INFO]: Created new backpack backup file for King_GamesYT with unique ID travelersbackpack.diamond_29.05.2026-00.08.50.dat
[00:08:59] [Server thread/INFO]: King_GamesYT was slain by dcx501
[00:08:59] [Server thread/INFO]: Created new backpack backup file for King_GamesYT with unique ID travelersbackpack.diamond_29.05.2026-00.08.59.dat
[00:09:30] [Server thread/INFO]: King_GamesYT was slain by dcx501
[00:09:30] [Server thread/INFO]: Created new backpack backup file for King_GamesYT with unique ID travelersbackpack.diamond_29.05.2026-00.09.30.dat
[00:09:37] [Server thread/INFO]: King_GamesYT was slain by dcx501
[00:09:37] [Server thread/INFO]: Created new backpack backup file for King_GamesYT with unique ID travelersbackpack.diamond_29.05.2026-00.09.37.dat
[00:09:45] [Server thread/INFO]: King_GamesYT was slain by dcx501
[00:09:45] [Server thread/INFO]: Created new backpack backup file for King_GamesYT with unique ID travelersbackpack.diamond_29.05.2026-00.09.45.dat
[00:09:52] [Server thread/INFO]: King_GamesYT was slain by dcx501
[00:09:52] [Server thread/INFO]: Created new backpack backup file for King_GamesYT with unique ID travelersbackpack.diamond_29.05.2026-00.09.52.dat
[00:09:58] [Server thread/INFO]: dcx501 was slain by King_GamesYT
[00:09:58] [Server thread/INFO]: Created new backpack backup file for dcx501 with unique ID travelersbackpack.standard_29.05.2026-00.09.58.dat
[00:10:25] [Server thread/INFO]: King_GamesYT was slain by dcx501
[00:10:25] [Server thread/INFO]: Created new backpack backup file for King_GamesYT with unique ID travelersbackpack.diamond_29.05.2026-00.10.25.dat
[00:10:30] [Server thread/INFO]: King_GamesYT was slain by dcx501
[00:10:30] [Server thread/INFO]: Created new backpack backup file for King_GamesYT with unique ID travelersbackpack.diamond_29.05.2026-00.10.30.dat
[00:10:35] [Server thread/INFO]: dcx501 was slain by King_GamesYT
[00:10:35] [Server thread/INFO]: Created new backpack backup file for dcx501 with unique ID travelersbackpack.standard_29.05.2026-00.10.35.dat
[00:10:36] [Server thread/INFO]: King_GamesYT was slain by dcx501
[00:10:36] [Server thread/INFO]: Created new backpack backup file for King_GamesYT with unique ID travelersbackpack.diamond_29.05.2026-00.10.36.dat
[00:10:41] [Server thread/INFO]: King_GamesYT was slain by dcx501
[00:10:41] [Server thread/INFO]: Created new backpack backup file for King_GamesYT with unique ID travelersbackpack.diamond_29.05.2026-00.10.41.dat
[00:10:48] [Server thread/INFO]: King_GamesYT was slain by dcx501
[00:10:48] [Server thread/INFO]: Created new backpack backup file for King_GamesYT with unique ID travelersbackpack.diamond_29.05.2026-00.10.48.dat
[00:10:53] [Server thread/INFO]: King_GamesYT was slain by dcx501
[00:10:53] [Server thread/INFO]: Created new backpack backup file for King_GamesYT with unique ID travelersbackpack.diamond_29.05.2026-00.10.53.dat
[00:10:59] [Server thread/INFO]: King_GamesYT was slain by dcx501
[00:10:59] [Server thread/INFO]: Created new backpack backup file for King_GamesYT with unique ID travelersbackpack.diamond_29.05.2026-00.10.59.dat
[00:11:04] [Server thread/INFO]: dcx501 was slain by King_GamesYT
[00:11:04] [Server thread/INFO]: Created new backpack backup file for dcx501 with unique ID travelersbackpack.standard_29.05.2026-00.11.04.dat
[00:11:05] [MemorySweep-Thread/INFO]: MemorySweep: GC executed. Before: 1802MB, After: 1808MB
[00:11:09] [Server thread/INFO]: King_GamesYT was slain by dcx501
[00:11:09] [Server thread/INFO]: Created new backpack backup file for King_GamesYT with unique ID travelersbackpack.diamond_29.05.2026-00.11.09.dat
[00:11:15] [Server thread/INFO]: King_GamesYT was slain by dcx501
[00:11:15] [Server thread/INFO]: Created new backpack backup file for King_GamesYT with unique ID travelersbackpack.diamond_29.05.2026-00.11.15.dat
[00:11:22] [Server thread/INFO]: King_GamesYT was slain by dcx501
[00:11:22] [Server thread/INFO]: Created new backpack backup file for King_GamesYT with unique ID travelersbackpack.diamond_29.05.2026-00.11.22.dat
[00:11:35] [Server thread/INFO]: [King_GamesYT: Applied effect Strength to King_GamesYT]
[00:11:43] [Server thread/INFO]: dcx501 was slain by King_GamesYT
[00:11:43] [Server thread/INFO]: Created new backpack backup file for dcx501 with unique ID travelersbackpack.standard_29.05.2026-00.11.43.dat
[00:11:49] [Server thread/INFO]: dcx501 was slain by King_GamesYT
[00:11:49] [Server thread/INFO]: Created new backpack backup file for dcx501 with unique ID travelersbackpack.standard_29.05.2026-00.11.49.dat
[00:11:49] [Server thread/INFO]: King_GamesYT was slain by dcx501
[00:11:49] [Server thread/INFO]: Created new backpack backup file for King_GamesYT with unique ID travelersbackpack.diamond_29.05.2026-00.11.49.dat
[00:11:54] [Server thread/INFO]: King_GamesYT was slain by dcx501
[00:11:54] [Server thread/INFO]: Created new backpack backup file for King_GamesYT with unique ID travelersbackpack.diamond_29.05.2026-00.11.54.dat
[00:12:02] [Server thread/INFO]: King_GamesYT was slain by dcx501
[00:12:02] [Server thread/INFO]: Created new backpack backup file for King_GamesYT with unique ID travelersbackpack.diamond_29.05.2026-00.12.02.dat
[00:12:07] [Server thread/INFO]: dcx501 was slain by King_GamesYT
[00:12:07] [Server thread/INFO]: Created new backpack backup file for dcx501 with unique ID travelersbackpack.standard_29.05.2026-00.12.07.dat
[00:12:10] [Server thread/INFO]: King_GamesYT was slain by dcx501
[00:12:10] [Server thread/INFO]: Created new backpack backup file for King_GamesYT with unique ID travelersbackpack.diamond_29.05.2026-00.12.10.dat
[00:12:16] [Server thread/INFO]: King_GamesYT was slain by dcx501
[00:12:16] [Server thread/INFO]: Created new backpack backup file for King_GamesYT with unique ID travelersbackpack.diamond_29.05.2026-00.12.16.dat
[00:12:20] [Server thread/INFO]: dcx501 was slain by King_GamesYT
[00:12:20] [Server thread/INFO]: Created new backpack backup file for dcx501 with unique ID travelersbackpack.standard_29.05.2026-00.12.20.dat
[00:12:43] [Server thread/INFO]: King_GamesYT was slain by dcx501
[00:12:43] [Server thread/INFO]: Created new backpack backup file for King_GamesYT with unique ID travelersbackpack.diamond_29.05.2026-00.12.43.dat
[00:12:56] [Server thread/INFO]: dcx501 was slain by King_GamesYT
[00:12:56] [Server thread/INFO]: Created new backpack backup file for dcx501 with unique ID travelersbackpack.standard_29.05.2026-00.12.56.dat
[00:13:34] [Server thread/INFO]: King_GamesYT was slain by dcx501
[00:13:34] [Server thread/INFO]: Created new backpack backup file for King_GamesYT with unique ID travelersbackpack.diamond_29.05.2026-00.13.34.dat
[00:14:19] [Server thread/INFO]: King_GamesYT was slain by dcx501
[00:14:19] [Server thread/INFO]: Created new backpack backup file for King_GamesYT with unique ID travelersbackpack.diamond_29.05.2026-00.14.19.dat
[00:14:50] [Server thread/INFO]: dcx501 was slain by King_GamesYT
[00:14:51] [Server thread/INFO]: Created new backpack backup file for dcx501 with unique ID travelersbackpack.standard_29.05.2026-00.14.50.dat
[00:15:20] [Server thread/INFO]: dcx501 was slain by King_GamesYT
[00:15:20] [Server thread/INFO]: Created new backpack backup file for dcx501 with unique ID travelersbackpack.standard_29.05.2026-00.15.20.dat
[00:15:24] [Server thread/INFO]: King_GamesYT was slain by dcx501
[00:15:24] [Server thread/INFO]: Created new backpack backup file for King_GamesYT with unique ID travelersbackpack.diamond_29.05.2026-00.15.24.dat
[00:16:24] [Server thread/INFO]: King_GamesYT was slain by dcx501
[00:16:24] [Server thread/INFO]: Created new backpack backup file for King_GamesYT with unique ID travelersbackpack.diamond_29.05.2026-00.16.24.dat
[00:17:21] [Server thread/INFO]: dcx501 was slain by King_GamesYT
[00:17:21] [Server thread/INFO]: Created new backpack backup file for dcx501 with unique ID travelersbackpack.standard_29.05.2026-00.17.21.dat
[00:17:28] [Server thread/INFO]: dcx501 was slain by King_GamesYT
[00:17:28] [Server thread/INFO]: Created new backpack backup file for dcx501 with unique ID travelersbackpack.standard_29.05.2026-00.17.28.dat
[00:17:42] [Server thread/INFO]: dcx501 was slain by King_GamesYT
[00:17:42] [Server thread/INFO]: Created new backpack backup file for dcx501 with unique ID travelersbackpack.standard_29.05.2026-00.17.42.dat
[00:17:46] [Server thread/INFO]: King_GamesYT was slain by dcx501
[00:17:46] [Server thread/INFO]: Created new backpack backup file for King_GamesYT with unique ID travelersbackpack.diamond_29.05.2026-00.17.46.dat
[00:19:16] [Server thread/INFO]: King_GamesYT was slain by dcx501
[00:19:16] [Server thread/INFO]: Created new backpack backup file for King_GamesYT with unique ID travelersbackpack.diamond_29.05.2026-00.19.16.dat
[00:19:22] [Server thread/INFO]: dcx501 was slain by King_GamesYT
[00:19:22] [Server thread/INFO]: Created new backpack backup file for dcx501 with unique ID travelersbackpack.standard_29.05.2026-00.19.22.dat
[00:20:56] [Server thread/INFO]: King_GamesYT was slain by dcx501
[00:20:56] [Server thread/INFO]: Created new backpack backup file for King_GamesYT with unique ID travelersbackpack.diamond_29.05.2026-00.20.56.dat
[00:21:07] [Server thread/INFO]: dcx501 was slain by King_GamesYT
[00:21:07] [Server thread/INFO]: Created new backpack backup file for dcx501 with unique ID travelersbackpack.standard_29.05.2026-00.21.07.dat
[00:22:41] [Server thread/INFO]: King_GamesYT was slain by dcx501
[00:22:41] [Server thread/INFO]: Created new backpack backup file for King_GamesYT with unique ID travelersbackpack.diamond_29.05.2026-00.22.41.dat
